<?xml version="1.0" encoding="UTF-8"?>
<testsuite xmlns:xsi="http://www.w3.org/2001/XMLSchema-instance" xsi:noNamespaceSchemaLocation="https://maven.apache.org/surefire/maven-surefire-plugin/xsd/surefire-test-report.xsd" name="uvsq21921358.JDBCTest" time="2.089" tests="3" errors="0" skipped="0" failures="0">
  <properties>
    <property name="java.specification.version" value="13"/>
    <property name="sun.cpu.isalist" value="amd64"/>
    <property name="sun.jnu.encoding" value="Cp1252"/>
    <property name="java.class.path" value="C:\Users\utilisateur\Documents\SEMESTRE 2\PROGRAMMATION_GL\CODE\pglp_5.2\target\test-classes;C:\Users\utilisateur\Documents\SEMESTRE 2\PROGRAMMATION_GL\CODE\pglp_5.2\target\classes;C:\Users\utilisateur\.m2\repository\org\apache\derby\derby\10.12.1.1\derby-10.12.1.1.jar;C:\Users\utilisateur\.m2\repository\junit\junit\4.12\junit-4.12.jar;C:\Users\utilisateur\.m2\repository\org\hamcrest\hamcrest-core\1.3\hamcrest-core-1.3.jar;C:\Users\utilisateur\.m2\repository\com\github\spotbugs\spotbugs\4.0.1\spotbugs-4.0.1.jar;C:\Users\utilisateur\.m2\repository\org\ow2\asm\asm\7.3.1\asm-7.3.1.jar;C:\Users\utilisateur\.m2\repository\org\ow2\asm\asm-analysis\7.3.1\asm-analysis-7.3.1.jar;C:\Users\utilisateur\.m2\repository\org\ow2\asm\asm-commons\7.3.1\asm-commons-7.3.1.jar;C:\Users\utilisateur\.m2\repository\org\ow2\asm\asm-tree\7.3.1\asm-tree-7.3.1.jar;C:\Users\utilisateur\.m2\repository\org\ow2\asm\asm-util\7.3.1\asm-util-7.3.1.jar;C:\Users\utilisateur\.m2\repository\org\apache\bcel\bcel\6.4.1\bcel-6.4.1.jar;C:\Users\utilisateur\.m2\repository\net\jcip\jcip-annotations\1.0\jcip-annotations-1.0.jar;C:\Users\utilisateur\.m2\repository\org\dom4j\dom4j\2.1.1\dom4j-2.1.1.jar;C:\Users\utilisateur\.m2\repository\commons-lang\commons-lang\2.6\commons-lang-2.6.jar;C:\Users\utilisateur\.m2\repository\org\slf4j\slf4j-api\1.8.0-beta4\slf4j-api-1.8.0-beta4.jar;C:\Users\utilisateur\.m2\repository\com\github\spotbugs\spotbugs-annotations\4.0.1\spotbugs-annotations-4.0.1.jar;C:\Users\utilisateur\.m2\repository\com\google\code\findbugs\jsr305\3.0.2\jsr305-3.0.2.jar;C:\Users\utilisateur\.m2\repository\jaxen\jaxen\1.1.6\jaxen-1.1.6.jar;C:\Users\utilisateur\.m2\repository\net\sf\saxon\Saxon-HE\9.9.1-2\Saxon-HE-9.9.1-2.jar;C:\Users\utilisateur\.m2\repository\com\ibm\icu\icu4j\63.1\icu4j-63.1.jar;"/>
    <property name="java.vm.vendor" value="Oracle Corporation"/>
    <property name="sun.arch.data.model" value="64"/>
    <property name="user.variant" value=""/>
    <property name="java.vendor.url" value="https://java.oracle.com/"/>
    <property name="user.timezone" value="Europe/Paris"/>
    <property name="os.name" value="Windows 10"/>
    <property name="java.vm.specification.version" value="13"/>
    <property name="sun.java.launcher" value="SUN_STANDARD"/>
    <property name="user.country" value="FR"/>
    <property name="sun.boot.library.path" value="C:\Program Files\Java\jdk-13.0.2\bin"/>
    <property name="sun.java.command" value="C:\Users\UTILIS~1\AppData\Local\Temp\surefire15722264018775732833\surefirebooter18136899326988134929.jar C:\Users\utilisateur\AppData\Local\Temp\surefire15722264018775732833 2020-05-18T20-08-19_881-jvmRun1 surefire6791821288392413781tmp surefire_08081310311488522174tmp"/>
    <property name="jdk.debug" value="release"/>
    <property name="surefire.test.class.path" value="C:\Users\utilisateur\Documents\SEMESTRE 2\PROGRAMMATION_GL\CODE\pglp_5.2\target\test-classes;C:\Users\utilisateur\Documents\SEMESTRE 2\PROGRAMMATION_GL\CODE\pglp_5.2\target\classes;C:\Users\utilisateur\.m2\repository\org\apache\derby\derby\10.12.1.1\derby-10.12.1.1.jar;C:\Users\utilisateur\.m2\repository\junit\junit\4.12\junit-4.12.jar;C:\Users\utilisateur\.m2\repository\org\hamcrest\hamcrest-core\1.3\hamcrest-core-1.3.jar;C:\Users\utilisateur\.m2\repository\com\github\spotbugs\spotbugs\4.0.1\spotbugs-4.0.1.jar;C:\Users\utilisateur\.m2\repository\org\ow2\asm\asm\7.3.1\asm-7.3.1.jar;C:\Users\utilisateur\.m2\repository\org\ow2\asm\asm-analysis\7.3.1\asm-analysis-7.3.1.jar;C:\Users\utilisateur\.m2\repository\org\ow2\asm\asm-commons\7.3.1\asm-commons-7.3.1.jar;C:\Users\utilisateur\.m2\repository\org\ow2\asm\asm-tree\7.3.1\asm-tree-7.3.1.jar;C:\Users\utilisateur\.m2\repository\org\ow2\asm\asm-util\7.3.1\asm-util-7.3.1.jar;C:\Users\utilisateur\.m2\repository\org\apache\bcel\bcel\6.4.1\bcel-6.4.1.jar;C:\Users\utilisateur\.m2\repository\net\jcip\jcip-annotations\1.0\jcip-annotations-1.0.jar;C:\Users\utilisateur\.m2\repository\org\dom4j\dom4j\2.1.1\dom4j-2.1.1.jar;C:\Users\utilisateur\.m2\repository\commons-lang\commons-lang\2.6\commons-lang-2.6.jar;C:\Users\utilisateur\.m2\repository\org\slf4j\slf4j-api\1.8.0-beta4\slf4j-api-1.8.0-beta4.jar;C:\Users\utilisateur\.m2\repository\com\github\spotbugs\spotbugs-annotations\4.0.1\spotbugs-annotations-4.0.1.jar;C:\Users\utilisateur\.m2\repository\com\google\code\findbugs\jsr305\3.0.2\jsr305-3.0.2.jar;C:\Users\utilisateur\.m2\repository\jaxen\jaxen\1.1.6\jaxen-1.1.6.jar;C:\Users\utilisateur\.m2\repository\net\sf\saxon\Saxon-HE\9.9.1-2\Saxon-HE-9.9.1-2.jar;C:\Users\utilisateur\.m2\repository\com\ibm\icu\icu4j\63.1\icu4j-63.1.jar;"/>
    <property name="sun.cpu.endian" value="little"/>
    <property name="user.home" value="C:\Users\utilisateur"/>
    <property name="user.language" value="fr"/>
    <property name="java.specification.vendor" value="Oracle Corporation"/>
    <property name="java.version.date" value="2020-01-14"/>
    <property name="java.home" value="C:\Program Files\Java\jdk-13.0.2"/>
    <property name="file.separator" value="\"/>
    <property name="basedir" value="C:\Users\utilisateur\Documents\SEMESTRE 2\PROGRAMMATION_GL\CODE\pglp_5.2"/>
    <property name="java.vm.compressedOopsMode" value="32-bit"/>
    <property name="line.separator" value="&#10;"/>
    <property name="java.vm.specification.vendor" value="Oracle Corporation"/>
    <property name="java.specification.name" value="Java Platform API Specification"/>
    <property name="surefire.real.class.path" value="C:\Users\UTILIS~1\AppData\Local\Temp\surefire15722264018775732833\surefirebooter18136899326988134929.jar"/>
    <property name="user.script" value=""/>
    <property name="sun.management.compiler" value="HotSpot 64-Bit Tiered Compilers"/>
    <property name="java.runtime.version" value="13.0.2+8"/>
    <property name="user.name" value="utilisateur"/>
    <property name="path.separator" value=";"/>
    <property name="os.version" value="10.0"/>
    <property name="java.runtime.name" value="Java(TM) SE Runtime Environment"/>
    <property name="file.encoding" value="Cp1252"/>
    <property name="java.vm.name" value="Java HotSpot(TM) 64-Bit Server VM"/>
    <property name="localRepository" value="C:\Users\utilisateur\.m2\repository"/>
    <property name="java.vendor.url.bug" value="https://bugreport.java.com/bugreport/"/>
    <property name="java.io.tmpdir" value="C:\Users\UTILIS~1\AppData\Local\Temp\"/>
    <property name="java.version" value="13.0.2"/>
    <property name="user.dir" value="C:\Users\utilisateur\Documents\SEMESTRE 2\PROGRAMMATION_GL\CODE\pglp_5.2"/>
    <property name="os.arch" value="amd64"/>
    <property name="java.vm.specification.name" value="Java Virtual Machine Specification"/>
    <property name="sun.os.patch.level" value=""/>
    <property name="java.library.path" value="C:\Program Files\Java\jdk-13.0.2\bin;C:\windows\Sun\Java\bin;C:\windows\system32;C:\windows;C:\Program Files (x86)\Common Files\Oracle\Java\javapath;C:\oraclexe\app\oracle\product\11.2.0\server\bin;C:\windows\system32;C:\windows;C:\windows\System32\Wbem;C:\windows\System32\WindowsPowerShell\v1.0\;C:\windows\System32\OpenSSH\;C:\Program Files\Git\cmd;C:\Program Files\apache-maven-3.6.3\bin;C:\Program Files\nodejs\;C:\Program Files (x86)\mingw-w64\i686-8.1.0-posix-dwarf-rt_v6-rev0\mingw32\bin;&quot;C:\Users\utilisateur\AppData\Local\Microsoft\WindowsApps;%MVN_HOME%\bin&quot;;C:\Users\utilisateur\AppData\Roaming\npm;."/>
    <property name="java.vm.info" value="mixed mode, sharing"/>
    <property name="java.vendor" value="Oracle Corporation"/>
    <property name="java.vm.version" value="13.0.2+8"/>
    <property name="sun.io.unicode.encoding" value="UnicodeLittle"/>
    <property name="java.class.version" value="57.0"/>
  </properties>
  <testcase name="createConnexion" classname="uvsq21921358.JDBCTest" time="0.197"/>
  <testcase name="dropTable" classname="uvsq21921358.JDBCTest" time="1.43"/>
  <testcase name="createTable" classname="uvsq21921358.JDBCTest" time="0.361"/>
</testsuite>